<?xml version="1.0" encoding="UTF-8"?>
<testsuite xmlns:xsi="http://www.w3.org/2001/XMLSchema-instance" xsi:noNamespaceSchemaLocation="https://maven.apache.org/surefire/maven-surefire-plugin/xsd/surefire-test-report.xsd" name="wiki.jixing.myblog.mapper.UserMapperTest" time="0.003" tests="1" errors="0" skipped="1" failures="0">
  <properties>
    <property name="sun.desktop" value="windows"/>
    <property name="awt.toolkit" value="sun.awt.windows.WToolkit"/>
    <property name="java.specification.version" value="11"/>
    <property name="sun.cpu.isalist" value="amd64"/>
    <property name="sun.jnu.encoding" value="GBK"/>
    <property name="java.class.path" value="E:\IDEA_workspace\MyBlog\target\test-classes;E:\IDEA_workspace\MyBlog\target\classes;D:\apache-maven-3.8.4\mvn_repo\org\springframework\boot\spring-boot-starter-thymeleaf\2.7.1\spring-boot-starter-thymeleaf-2.7.1.jar;D:\apache-maven-3.8.4\mvn_repo\org\springframework\boot\spring-boot-starter\2.7.1\spring-boot-starter-2.7.1.jar;D:\apache-maven-3.8.4\mvn_repo\org\springframework\boot\spring-boot\2.7.1\spring-boot-2.7.1.jar;D:\apache-maven-3.8.4\mvn_repo\jakarta\annotation\jakarta.annotation-api\1.3.5\jakarta.annotation-api-1.3.5.jar;D:\apache-maven-3.8.4\mvn_repo\org\yaml\snakeyaml\1.30\snakeyaml-1.30.jar;D:\apache-maven-3.8.4\mvn_repo\org\thymeleaf\thymeleaf-spring5\3.0.15.RELEASE\thymeleaf-spring5-3.0.15.RELEASE.jar;D:\apache-maven-3.8.4\mvn_repo\org\thymeleaf\thymeleaf\3.0.15.RELEASE\thymeleaf-3.0.15.RELEASE.jar;D:\apache-maven-3.8.4\mvn_repo\org\attoparser\attoparser\2.0.5.RELEASE\attoparser-2.0.5.RELEASE.jar;D:\apache-maven-3.8.4\mvn_repo\org\unbescape\unbescape\1.1.6.RELEASE\unbescape-1.1.6.RELEASE.jar;D:\apache-maven-3.8.4\mvn_repo\org\thymeleaf\extras\thymeleaf-extras-java8time\3.0.4.RELEASE\thymeleaf-extras-java8time-3.0.4.RELEASE.jar;D:\apache-maven-3.8.4\mvn_repo\org\springframework\boot\spring-boot-starter-web\2.7.1\spring-boot-starter-web-2.7.1.jar;D:\apache-maven-3.8.4\mvn_repo\org\springframework\boot\spring-boot-starter-json\2.7.1\spring-boot-starter-json-2.7.1.jar;D:\apache-maven-3.8.4\mvn_repo\com\fasterxml\jackson\core\jackson-databind\2.13.3\jackson-databind-2.13.3.jar;D:\apache-maven-3.8.4\mvn_repo\com\fasterxml\jackson\core\jackson-annotations\2.13.3\jackson-annotations-2.13.3.jar;D:\apache-maven-3.8.4\mvn_repo\com\fasterxml\jackson\core\jackson-core\2.13.3\jackson-core-2.13.3.jar;D:\apache-maven-3.8.4\mvn_repo\com\fasterxml\jackson\datatype\jackson-datatype-jdk8\2.13.3\jackson-datatype-jdk8-2.13.3.jar;D:\apache-maven-3.8.4\mvn_repo\com\fasterxml\jackson\datatype\jackson-datatype-jsr310\2.13.3\jackson-datatype-jsr310-2.13.3.jar;D:\apache-maven-3.8.4\mvn_repo\com\fasterxml\jackson\module\jackson-module-parameter-names\2.13.3\jackson-module-parameter-names-2.13.3.jar;D:\apache-maven-3.8.4\mvn_repo\org\springframework\boot\spring-boot-starter-tomcat\2.7.1\spring-boot-starter-tomcat-2.7.1.jar;D:\apache-maven-3.8.4\mvn_repo\org\apache\tomcat\embed\tomcat-embed-core\9.0.64\tomcat-embed-core-9.0.64.jar;D:\apache-maven-3.8.4\mvn_repo\org\apache\tomcat\embed\tomcat-embed-el\9.0.64\tomcat-embed-el-9.0.64.jar;D:\apache-maven-3.8.4\mvn_repo\org\apache\tomcat\embed\tomcat-embed-websocket\9.0.64\tomcat-embed-websocket-9.0.64.jar;D:\apache-maven-3.8.4\mvn_repo\org\springframework\spring-web\5.3.21\spring-web-5.3.21.jar;D:\apache-maven-3.8.4\mvn_repo\org\springframework\spring-beans\5.3.21\spring-beans-5.3.21.jar;D:\apache-maven-3.8.4\mvn_repo\org\springframework\spring-webmvc\5.3.21\spring-webmvc-5.3.21.jar;D:\apache-maven-3.8.4\mvn_repo\org\springframework\spring-context\5.3.21\spring-context-5.3.21.jar;D:\apache-maven-3.8.4\mvn_repo\org\springframework\spring-expression\5.3.21\spring-expression-5.3.21.jar;D:\apache-maven-3.8.4\mvn_repo\org\mybatis\spring\boot\mybatis-spring-boot-starter\2.2.2\mybatis-spring-boot-starter-2.2.2.jar;D:\apache-maven-3.8.4\mvn_repo\org\springframework\boot\spring-boot-starter-jdbc\2.7.1\spring-boot-starter-jdbc-2.7.1.jar;D:\apache-maven-3.8.4\mvn_repo\com\zaxxer\HikariCP\4.0.3\HikariCP-4.0.3.jar;D:\apache-maven-3.8.4\mvn_repo\org\springframework\spring-jdbc\5.3.21\spring-jdbc-5.3.21.jar;D:\apache-maven-3.8.4\mvn_repo\org\springframework\spring-tx\5.3.21\spring-tx-5.3.21.jar;D:\apache-maven-3.8.4\mvn_repo\org\mybatis\spring\boot\mybatis-spring-boot-autoconfigure\2.2.2\mybatis-spring-boot-autoconfigure-2.2.2.jar;D:\apache-maven-3.8.4\mvn_repo\org\mybatis\mybatis\3.5.9\mybatis-3.5.9.jar;D:\apache-maven-3.8.4\mvn_repo\org\mybatis\mybatis-spring\2.0.7\mybatis-spring-2.0.7.jar;D:\apache-maven-3.8.4\mvn_repo\mysql\mysql-connector-java\8.0.29\mysql-connector-java-8.0.29.jar;D:\apache-maven-3.8.4\mvn_repo\org\springframework\boot\spring-boot-configuration-processor\2.7.1\spring-boot-configuration-processor-2.7.1.jar;D:\apache-maven-3.8.4\mvn_repo\org\projectlombok\lombok\1.18.24\lombok-1.18.24.jar;D:\apache-maven-3.8.4\mvn_repo\org\springframework\boot\spring-boot-starter-test\2.7.1\spring-boot-starter-test-2.7.1.jar;D:\apache-maven-3.8.4\mvn_repo\org\springframework\boot\spring-boot-test\2.7.1\spring-boot-test-2.7.1.jar;D:\apache-maven-3.8.4\mvn_repo\org\springframework\boot\spring-boot-test-autoconfigure\2.7.1\spring-boot-test-autoconfigure-2.7.1.jar;D:\apache-maven-3.8.4\mvn_repo\com\jayway\jsonpath\json-path\2.7.0\json-path-2.7.0.jar;D:\apache-maven-3.8.4\mvn_repo\net\minidev\json-smart\2.4.8\json-smart-2.4.8.jar;D:\apache-maven-3.8.4\mvn_repo\net\minidev\accessors-smart\2.4.8\accessors-smart-2.4.8.jar;D:\apache-maven-3.8.4\mvn_repo\org\ow2\asm\asm\9.1\asm-9.1.jar;D:\apache-maven-3.8.4\mvn_repo\jakarta\xml\bind\jakarta.xml.bind-api\2.3.3\jakarta.xml.bind-api-2.3.3.jar;D:\apache-maven-3.8.4\mvn_repo\jakarta\activation\jakarta.activation-api\1.2.2\jakarta.activation-api-1.2.2.jar;D:\apache-maven-3.8.4\mvn_repo\org\assertj\assertj-core\3.22.0\assertj-core-3.22.0.jar;D:\apache-maven-3.8.4\mvn_repo\org\hamcrest\hamcrest\2.2\hamcrest-2.2.jar;D:\apache-maven-3.8.4\mvn_repo\org\junit\jupiter\junit-jupiter\5.8.2\junit-jupiter-5.8.2.jar;D:\apache-maven-3.8.4\mvn_repo\org\junit\jupiter\junit-jupiter-api\5.8.2\junit-jupiter-api-5.8.2.jar;D:\apache-maven-3.8.4\mvn_repo\org\opentest4j\opentest4j\1.2.0\opentest4j-1.2.0.jar;D:\apache-maven-3.8.4\mvn_repo\org\junit\platform\junit-platform-commons\1.8.2\junit-platform-commons-1.8.2.jar;D:\apache-maven-3.8.4\mvn_repo\org\apiguardian\apiguardian-api\1.1.2\apiguardian-api-1.1.2.jar;D:\apache-maven-3.8.4\mvn_repo\org\junit\jupiter\junit-jupiter-params\5.8.2\junit-jupiter-params-5.8.2.jar;D:\apache-maven-3.8.4\mvn_repo\org\junit\jupiter\junit-jupiter-engine\5.8.2\junit-jupiter-engine-5.8.2.jar;D:\apache-maven-3.8.4\mvn_repo\org\junit\platform\junit-platform-engine\1.8.2\junit-platform-engine-1.8.2.jar;D:\apache-maven-3.8.4\mvn_repo\org\mockito\mockito-core\4.5.1\mockito-core-4.5.1.jar;D:\apache-maven-3.8.4\mvn_repo\net\bytebuddy\byte-buddy\1.12.11\byte-buddy-1.12.11.jar;D:\apache-maven-3.8.4\mvn_repo\net\bytebuddy\byte-buddy-agent\1.12.11\byte-buddy-agent-1.12.11.jar;D:\apache-maven-3.8.4\mvn_repo\org\objenesis\objenesis\3.2\objenesis-3.2.jar;D:\apache-maven-3.8.4\mvn_repo\org\mockito\mockito-junit-jupiter\4.5.1\mockito-junit-jupiter-4.5.1.jar;D:\apache-maven-3.8.4\mvn_repo\org\skyscreamer\jsonassert\1.5.0\jsonassert-1.5.0.jar;D:\apache-maven-3.8.4\mvn_repo\com\vaadin\external\google\android-json\0.0.20131108.vaadin1\android-json-0.0.20131108.vaadin1.jar;D:\apache-maven-3.8.4\mvn_repo\org\springframework\spring-core\5.3.21\spring-core-5.3.21.jar;D:\apache-maven-3.8.4\mvn_repo\org\springframework\spring-jcl\5.3.21\spring-jcl-5.3.21.jar;D:\apache-maven-3.8.4\mvn_repo\org\springframework\spring-test\5.3.21\spring-test-5.3.21.jar;D:\apache-maven-3.8.4\mvn_repo\org\xmlunit\xmlunit-core\2.9.0\xmlunit-core-2.9.0.jar;D:\apache-maven-3.8.4\mvn_repo\com\alibaba\druid-spring-boot-starter\1.2.11\druid-spring-boot-starter-1.2.11.jar;D:\apache-maven-3.8.4\mvn_repo\com\alibaba\druid\1.2.11\druid-1.2.11.jar;D:\apache-maven-3.8.4\mvn_repo\org\slf4j\slf4j-api\1.7.36\slf4j-api-1.7.36.jar;D:\apache-maven-3.8.4\mvn_repo\org\springframework\boot\spring-boot-autoconfigure\2.7.1\spring-boot-autoconfigure-2.7.1.jar;D:\apache-maven-3.8.4\mvn_repo\org\springframework\boot\spring-boot-starter-log4j2\2.7.1\spring-boot-starter-log4j2-2.7.1.jar;D:\apache-maven-3.8.4\mvn_repo\org\apache\logging\log4j\log4j-slf4j-impl\2.17.2\log4j-slf4j-impl-2.17.2.jar;D:\apache-maven-3.8.4\mvn_repo\org\apache\logging\log4j\log4j-api\2.17.2\log4j-api-2.17.2.jar;D:\apache-maven-3.8.4\mvn_repo\org\apache\logging\log4j\log4j-core\2.17.2\log4j-core-2.17.2.jar;D:\apache-maven-3.8.4\mvn_repo\org\apache\logging\log4j\log4j-jul\2.17.2\log4j-jul-2.17.2.jar;D:\apache-maven-3.8.4\mvn_repo\org\slf4j\jul-to-slf4j\1.7.36\jul-to-slf4j-1.7.36.jar;D:\apache-maven-3.8.4\mvn_repo\org\springframework\boot\spring-boot-starter-aop\2.7.1\spring-boot-starter-aop-2.7.1.jar;D:\apache-maven-3.8.4\mvn_repo\org\springframework\spring-aop\5.3.21\spring-aop-5.3.21.jar;D:\apache-maven-3.8.4\mvn_repo\org\aspectj\aspectjweaver\1.9.7\aspectjweaver-1.9.7.jar;D:\apache-maven-3.8.4\mvn_repo\org\springframework\boot\spring-boot-starter-mail\2.7.1\spring-boot-starter-mail-2.7.1.jar;D:\apache-maven-3.8.4\mvn_repo\org\springframework\spring-context-support\5.3.21\spring-context-support-5.3.21.jar;D:\apache-maven-3.8.4\mvn_repo\com\sun\mail\jakarta.mail\1.6.7\jakarta.mail-1.6.7.jar;D:\apache-maven-3.8.4\mvn_repo\com\sun\activation\jakarta.activation\1.2.2\jakarta.activation-1.2.2.jar;D:\apache-maven-3.8.4\mvn_repo\com\github\pagehelper\pagehelper-spring-boot-starter\1.4.2\pagehelper-spring-boot-starter-1.4.2.jar;D:\apache-maven-3.8.4\mvn_repo\com\github\pagehelper\pagehelper-spring-boot-autoconfigure\1.4.2\pagehelper-spring-boot-autoconfigure-1.4.2.jar;D:\apache-maven-3.8.4\mvn_repo\com\github\pagehelper\pagehelper\5.3.0\pagehelper-5.3.0.jar;D:\apache-maven-3.8.4\mvn_repo\com\github\jsqlparser\jsqlparser\4.2\jsqlparser-4.2.jar;"/>
    <property name="java.vm.vendor" value="Oracle Corporation"/>
    <property name="sun.arch.data.model" value="64"/>
    <property name="user.variant" value=""/>
    <property name="java.vendor.url" value="https://openjdk.java.net/"/>
    <property name="user.timezone" value="Asia/Shanghai"/>
    <property name="java.vm.specification.version" value="11"/>
    <property name="os.name" value="Windows 10"/>
    <property name="sun.java.launcher" value="SUN_STANDARD"/>
    <property name="user.country" value="CN"/>
    <property name="sun.boot.library.path" value="D:\JDK\jdk-11.0.13\bin"/>
    <property name="sun.java.command" value="C:\Users\jixing\AppData\Local\Temp\surefire13112506374692823279\surefirebooter17208474631573701195.jar C:\Users\jixing\AppData\Local\Temp\surefire13112506374692823279 2022-06-30T18-05-41_657-jvmRun1 surefire18254445663118412406tmp surefire_06262619187710086002tmp"/>
    <property name="jdk.debug" value="release"/>
    <property name="surefire.test.class.path" value="E:\IDEA_workspace\MyBlog\target\test-classes;E:\IDEA_workspace\MyBlog\target\classes;D:\apache-maven-3.8.4\mvn_repo\org\springframework\boot\spring-boot-starter-thymeleaf\2.7.1\spring-boot-starter-thymeleaf-2.7.1.jar;D:\apache-maven-3.8.4\mvn_repo\org\springframework\boot\spring-boot-starter\2.7.1\spring-boot-starter-2.7.1.jar;D:\apache-maven-3.8.4\mvn_repo\org\springframework\boot\spring-boot\2.7.1\spring-boot-2.7.1.jar;D:\apache-maven-3.8.4\mvn_repo\jakarta\annotation\jakarta.annotation-api\1.3.5\jakarta.annotation-api-1.3.5.jar;D:\apache-maven-3.8.4\mvn_repo\org\yaml\snakeyaml\1.30\snakeyaml-1.30.jar;D:\apache-maven-3.8.4\mvn_repo\org\thymeleaf\thymeleaf-spring5\3.0.15.RELEASE\thymeleaf-spring5-3.0.15.RELEASE.jar;D:\apache-maven-3.8.4\mvn_repo\org\thymeleaf\thymeleaf\3.0.15.RELEASE\thymeleaf-3.0.15.RELEASE.jar;D:\apache-maven-3.8.4\mvn_repo\org\attoparser\attoparser\2.0.5.RELEASE\attoparser-2.0.5.RELEASE.jar;D:\apache-maven-3.8.4\mvn_repo\org\unbescape\unbescape\1.1.6.RELEASE\unbescape-1.1.6.RELEASE.jar;D:\apache-maven-3.8.4\mvn_repo\org\thymeleaf\extras\thymeleaf-extras-java8time\3.0.4.RELEASE\thymeleaf-extras-java8time-3.0.4.RELEASE.jar;D:\apache-maven-3.8.4\mvn_repo\org\springframework\boot\spring-boot-starter-web\2.7.1\spring-boot-starter-web-2.7.1.jar;D:\apache-maven-3.8.4\mvn_repo\org\springframework\boot\spring-boot-starter-json\2.7.1\spring-boot-starter-json-2.7.1.jar;D:\apache-maven-3.8.4\mvn_repo\com\fasterxml\jackson\core\jackson-databind\2.13.3\jackson-databind-2.13.3.jar;D:\apache-maven-3.8.4\mvn_repo\com\fasterxml\jackson\core\jackson-annotations\2.13.3\jackson-annotations-2.13.3.jar;D:\apache-maven-3.8.4\mvn_repo\com\fasterxml\jackson\core\jackson-core\2.13.3\jackson-core-2.13.3.jar;D:\apache-maven-3.8.4\mvn_repo\com\fasterxml\jackson\datatype\jackson-datatype-jdk8\2.13.3\jackson-datatype-jdk8-2.13.3.jar;D:\apache-maven-3.8.4\mvn_repo\com\fasterxml\jackson\datatype\jackson-datatype-jsr310\2.13.3\jackson-datatype-jsr310-2.13.3.jar;D:\apache-maven-3.8.4\mvn_repo\com\fasterxml\jackson\module\jackson-module-parameter-names\2.13.3\jackson-module-parameter-names-2.13.3.jar;D:\apache-maven-3.8.4\mvn_repo\org\springframework\boot\spring-boot-starter-tomcat\2.7.1\spring-boot-starter-tomcat-2.7.1.jar;D:\apache-maven-3.8.4\mvn_repo\org\apache\tomcat\embed\tomcat-embed-core\9.0.64\tomcat-embed-core-9.0.64.jar;D:\apache-maven-3.8.4\mvn_repo\org\apache\tomcat\embed\tomcat-embed-el\9.0.64\tomcat-embed-el-9.0.64.jar;D:\apache-maven-3.8.4\mvn_repo\org\apache\tomcat\embed\tomcat-embed-websocket\9.0.64\tomcat-embed-websocket-9.0.64.jar;D:\apache-maven-3.8.4\mvn_repo\org\springframework\spring-web\5.3.21\spring-web-5.3.21.jar;D:\apache-maven-3.8.4\mvn_repo\org\springframework\spring-beans\5.3.21\spring-beans-5.3.21.jar;D:\apache-maven-3.8.4\mvn_repo\org\springframework\spring-webmvc\5.3.21\spring-webmvc-5.3.21.jar;D:\apache-maven-3.8.4\mvn_repo\org\springframework\spring-context\5.3.21\spring-context-5.3.21.jar;D:\apache-maven-3.8.4\mvn_repo\org\springframework\spring-expression\5.3.21\spring-expression-5.3.21.jar;D:\apache-maven-3.8.4\mvn_repo\org\mybatis\spring\boot\mybatis-spring-boot-starter\2.2.2\mybatis-spring-boot-starter-2.2.2.jar;D:\apache-maven-3.8.4\mvn_repo\org\springframework\boot\spring-boot-starter-jdbc\2.7.1\spring-boot-starter-jdbc-2.7.1.jar;D:\apache-maven-3.8.4\mvn_repo\com\zaxxer\HikariCP\4.0.3\HikariCP-4.0.3.jar;D:\apache-maven-3.8.4\mvn_repo\org\springframework\spring-jdbc\5.3.21\spring-jdbc-5.3.21.jar;D:\apache-maven-3.8.4\mvn_repo\org\springframework\spring-tx\5.3.21\spring-tx-5.3.21.jar;D:\apache-maven-3.8.4\mvn_repo\org\mybatis\spring\boot\mybatis-spring-boot-autoconfigure\2.2.2\mybatis-spring-boot-autoconfigure-2.2.2.jar;D:\apache-maven-3.8.4\mvn_repo\org\mybatis\mybatis\3.5.9\mybatis-3.5.9.jar;D:\apache-maven-3.8.4\mvn_repo\org\mybatis\mybatis-spring\2.0.7\mybatis-spring-2.0.7.jar;D:\apache-maven-3.8.4\mvn_repo\mysql\mysql-connector-java\8.0.29\mysql-connector-java-8.0.29.jar;D:\apache-maven-3.8.4\mvn_repo\org\springframework\boot\spring-boot-configuration-processor\2.7.1\spring-boot-configuration-processor-2.7.1.jar;D:\apache-maven-3.8.4\mvn_repo\org\projectlombok\lombok\1.18.24\lombok-1.18.24.jar;D:\apache-maven-3.8.4\mvn_repo\org\springframework\boot\spring-boot-starter-test\2.7.1\spring-boot-starter-test-2.7.1.jar;D:\apache-maven-3.8.4\mvn_repo\org\springframework\boot\spring-boot-test\2.7.1\spring-boot-test-2.7.1.jar;D:\apache-maven-3.8.4\mvn_repo\org\springframework\boot\spring-boot-test-autoconfigure\2.7.1\spring-boot-test-autoconfigure-2.7.1.jar;D:\apache-maven-3.8.4\mvn_repo\com\jayway\jsonpath\json-path\2.7.0\json-path-2.7.0.jar;D:\apache-maven-3.8.4\mvn_repo\net\minidev\json-smart\2.4.8\json-smart-2.4.8.jar;D:\apache-maven-3.8.4\mvn_repo\net\minidev\accessors-smart\2.4.8\accessors-smart-2.4.8.jar;D:\apache-maven-3.8.4\mvn_repo\org\ow2\asm\asm\9.1\asm-9.1.jar;D:\apache-maven-3.8.4\mvn_repo\jakarta\xml\bind\jakarta.xml.bind-api\2.3.3\jakarta.xml.bind-api-2.3.3.jar;D:\apache-maven-3.8.4\mvn_repo\jakarta\activation\jakarta.activation-api\1.2.2\jakarta.activation-api-1.2.2.jar;D:\apache-maven-3.8.4\mvn_repo\org\assertj\assertj-core\3.22.0\assertj-core-3.22.0.jar;D:\apache-maven-3.8.4\mvn_repo\org\hamcrest\hamcrest\2.2\hamcrest-2.2.jar;D:\apache-maven-3.8.4\mvn_repo\org\junit\jupiter\junit-jupiter\5.8.2\junit-jupiter-5.8.2.jar;D:\apache-maven-3.8.4\mvn_repo\org\junit\jupiter\junit-jupiter-api\5.8.2\junit-jupiter-api-5.8.2.jar;D:\apache-maven-3.8.4\mvn_repo\org\opentest4j\opentest4j\1.2.0\opentest4j-1.2.0.jar;D:\apache-maven-3.8.4\mvn_repo\org\junit\platform\junit-platform-commons\1.8.2\junit-platform-commons-1.8.2.jar;D:\apache-maven-3.8.4\mvn_repo\org\apiguardian\apiguardian-api\1.1.2\apiguardian-api-1.1.2.jar;D:\apache-maven-3.8.4\mvn_repo\org\junit\jupiter\junit-jupiter-params\5.8.2\junit-jupiter-params-5.8.2.jar;D:\apache-maven-3.8.4\mvn_repo\org\junit\jupiter\junit-jupiter-engine\5.8.2\junit-jupiter-engine-5.8.2.jar;D:\apache-maven-3.8.4\mvn_repo\org\junit\platform\junit-platform-engine\1.8.2\junit-platform-engine-1.8.2.jar;D:\apache-maven-3.8.4\mvn_repo\org\mockito\mockito-core\4.5.1\mockito-core-4.5.1.jar;D:\apache-maven-3.8.4\mvn_repo\net\bytebuddy\byte-buddy\1.12.11\byte-buddy-1.12.11.jar;D:\apache-maven-3.8.4\mvn_repo\net\bytebuddy\byte-buddy-agent\1.12.11\byte-buddy-agent-1.12.11.jar;D:\apache-maven-3.8.4\mvn_repo\org\objenesis\objenesis\3.2\objenesis-3.2.jar;D:\apache-maven-3.8.4\mvn_repo\org\mockito\mockito-junit-jupiter\4.5.1\mockito-junit-jupiter-4.5.1.jar;D:\apache-maven-3.8.4\mvn_repo\org\skyscreamer\jsonassert\1.5.0\jsonassert-1.5.0.jar;D:\apache-maven-3.8.4\mvn_repo\com\vaadin\external\google\android-json\0.0.20131108.vaadin1\android-json-0.0.20131108.vaadin1.jar;D:\apache-maven-3.8.4\mvn_repo\org\springframework\spring-core\5.3.21\spring-core-5.3.21.jar;D:\apache-maven-3.8.4\mvn_repo\org\springframework\spring-jcl\5.3.21\spring-jcl-5.3.21.jar;D:\apache-maven-3.8.4\mvn_repo\org\springframework\spring-test\5.3.21\spring-test-5.3.21.jar;D:\apache-maven-3.8.4\mvn_repo\org\xmlunit\xmlunit-core\2.9.0\xmlunit-core-2.9.0.jar;D:\apache-maven-3.8.4\mvn_repo\com\alibaba\druid-spring-boot-starter\1.2.11\druid-spring-boot-starter-1.2.11.jar;D:\apache-maven-3.8.4\mvn_repo\com\alibaba\druid\1.2.11\druid-1.2.11.jar;D:\apache-maven-3.8.4\mvn_repo\org\slf4j\slf4j-api\1.7.36\slf4j-api-1.7.36.jar;D:\apache-maven-3.8.4\mvn_repo\org\springframework\boot\spring-boot-autoconfigure\2.7.1\spring-boot-autoconfigure-2.7.1.jar;D:\apache-maven-3.8.4\mvn_repo\org\springframework\boot\spring-boot-starter-log4j2\2.7.1\spring-boot-starter-log4j2-2.7.1.jar;D:\apache-maven-3.8.4\mvn_repo\org\apache\logging\log4j\log4j-slf4j-impl\2.17.2\log4j-slf4j-impl-2.17.2.jar;D:\apache-maven-3.8.4\mvn_repo\org\apache\logging\log4j\log4j-api\2.17.2\log4j-api-2.17.2.jar;D:\apache-maven-3.8.4\mvn_repo\org\apache\logging\log4j\log4j-core\2.17.2\log4j-core-2.17.2.jar;D:\apache-maven-3.8.4\mvn_repo\org\apache\logging\log4j\log4j-jul\2.17.2\log4j-jul-2.17.2.jar;D:\apache-maven-3.8.4\mvn_repo\org\slf4j\jul-to-slf4j\1.7.36\jul-to-slf4j-1.7.36.jar;D:\apache-maven-3.8.4\mvn_repo\org\springframework\boot\spring-boot-starter-aop\2.7.1\spring-boot-starter-aop-2.7.1.jar;D:\apache-maven-3.8.4\mvn_repo\org\springframework\spring-aop\5.3.21\spring-aop-5.3.21.jar;D:\apache-maven-3.8.4\mvn_repo\org\aspectj\aspectjweaver\1.9.7\aspectjweaver-1.9.7.jar;D:\apache-maven-3.8.4\mvn_repo\org\springframework\boot\spring-boot-starter-mail\2.7.1\spring-boot-starter-mail-2.7.1.jar;D:\apache-maven-3.8.4\mvn_repo\org\springframework\spring-context-support\5.3.21\spring-context-support-5.3.21.jar;D:\apache-maven-3.8.4\mvn_repo\com\sun\mail\jakarta.mail\1.6.7\jakarta.mail-1.6.7.jar;D:\apache-maven-3.8.4\mvn_repo\com\sun\activation\jakarta.activation\1.2.2\jakarta.activation-1.2.2.jar;D:\apache-maven-3.8.4\mvn_repo\com\github\pagehelper\pagehelper-spring-boot-starter\1.4.2\pagehelper-spring-boot-starter-1.4.2.jar;D:\apache-maven-3.8.4\mvn_repo\com\github\pagehelper\pagehelper-spring-boot-autoconfigure\1.4.2\pagehelper-spring-boot-autoconfigure-1.4.2.jar;D:\apache-maven-3.8.4\mvn_repo\com\github\pagehelper\pagehelper\5.3.0\pagehelper-5.3.0.jar;D:\apache-maven-3.8.4\mvn_repo\com\github\jsqlparser\jsqlparser\4.2\jsqlparser-4.2.jar;"/>
    <property name="sun.cpu.endian" value="little"/>
    <property name="user.home" value="C:\Users\jixing"/>
    <property name="user.language" value="zh"/>
    <property name="java.specification.vendor" value="Oracle Corporation"/>
    <property name="java.version.date" value="2021-10-19"/>
    <property name="java.home" value="D:\JDK\jdk-11.0.13"/>
    <property name="file.separator" value="\"/>
    <property name="basedir" value="E:\IDEA_workspace\MyBlog"/>
    <property name="java.vm.compressedOopsMode" value="Zero based"/>
    <property name="line.separator" value="&#10;"/>
    <property name="java.specification.name" value="Java Platform API Specification"/>
    <property name="java.vm.specification.vendor" value="Oracle Corporation"/>
    <property name="java.awt.graphicsenv" value="sun.awt.Win32GraphicsEnvironment"/>
    <property name="surefire.real.class.path" value="C:\Users\jixing\AppData\Local\Temp\surefire13112506374692823279\surefirebooter17208474631573701195.jar"/>
    <property name="user.script" value=""/>
    <property name="sun.management.compiler" value="HotSpot 64-Bit Tiered Compilers"/>
    <property name="java.runtime.version" value="11.0.13+10-LTS-370"/>
    <property name="user.name" value="jixing"/>
    <property name="path.separator" value=";"/>
    <property name="os.version" value="10.0"/>
    <property name="java.runtime.name" value="Java(TM) SE Runtime Environment"/>
    <property name="file.encoding" value="GBK"/>
    <property name="java.vm.name" value="Java HotSpot(TM) 64-Bit Server VM"/>
    <property name="java.vendor.version" value="18.9"/>
    <property name="localRepository" value="D:\apache-maven-3.8.4\mvn_repo"/>
    <property name="java.vendor.url.bug" value="https://bugreport.java.com/bugreport/"/>
    <property name="java.io.tmpdir" value="C:\Users\jixing\AppData\Local\Temp\"/>
    <property name="idea.version" value="2022.1.3"/>
    <property name="java.version" value="11.0.13"/>
    <property name="user.dir" value="E:\IDEA_workspace\MyBlog"/>
    <property name="os.arch" value="amd64"/>
    <property name="java.vm.specification.name" value="Java Virtual Machine Specification"/>
    <property name="java.awt.printerjob" value="sun.awt.windows.WPrinterJob"/>
    <property name="sun.os.patch.level" value=""/>
    <property name="java.library.path" value="D:\JDK\jdk-11.0.13\bin;C:\WINDOWS\Sun\Java\bin;C:\WINDOWS\system32;C:\WINDOWS;D:\VMware\VMware Workstation\bin\;C:\WINDOWS\system32;C:\WINDOWS;C:\WINDOWS\System32\Wbem;C:\WINDOWS\System32\WindowsPowerShell\v1.0\;C:\WINDOWS\System32\OpenSSH\;D:\Node.js\;D:\Git\cmd;D:\Redis\;D:\NetSarang\Xftp 7\;D:\NetSarang\Xshell 7\;D:\Python\Scripts\;D:\Python\;C:\Users\jixing\AppData\Local\Microsoft\WindowsApps;D:\Microsoft VS Code\bin;D:\JDK\jdk-11.0.13\bin;D:\IntelliJ IDEA\bin;;D:\PyCharm\bin;;C:\Users\jixing\AppData\Roaming\npm;D:\MySQL\MySQL Server 8.0\bin;D:\MySQL\MySQL Server 5.7\bin;D:\apache-maven-3.8.4\bin;D:\MinGW\MinGW-gcc-11.2.0\bin;D:\Git\bin;;."/>
    <property name="java.vendor" value="Oracle Corporation"/>
    <property name="java.vm.info" value="mixed mode"/>
    <property name="java.vm.version" value="11.0.13+10-LTS-370"/>
    <property name="sun.io.unicode.encoding" value="UnicodeLittle"/>
    <property name="maven.repo.local" value="D:\apache-maven-3.8.4\mvn_repo"/>
    <property name="java.class.version" value="55.0"/>
  </properties>
  <testcase name="wiki.jixing.myblog.mapper.UserMapperTest" classname="wiki.jixing.myblog.mapper.UserMapperTest" time="0">
    <skipped message="class wiki.jixing.myblog.mapper.UserMapperTest is @Disabled"/>
  </testcase>
</testsuite>